[debug] [2021-10-11T19:24:18.908Z] ----------------------------------------------------------------------
[debug] [2021-10-11T19:24:18.911Z] Command:       C:\Program Files\nodejs\node.exe C:\Users\chirag\AppData\Roaming\npm\node_modules\firebase-tools\lib\bin\firebase.js emulators:start
[debug] [2021-10-11T19:24:18.912Z] CLI Version:   9.11.0
[debug] [2021-10-11T19:24:18.912Z] Platform:      win32
[debug] [2021-10-11T19:24:18.912Z] Node Version:  v14.15.0
[debug] [2021-10-11T19:24:18.920Z] Time:          Mon Oct 11 2021 12:24:18 GMT-0700 (Pacific Daylight Time)
[debug] [2021-10-11T19:24:18.920Z] ----------------------------------------------------------------------
[debug] 
[debug] [2021-10-11T19:24:18.944Z] > command requires scopes: ["email","openid","https://www.googleapis.com/auth/cloudplatformprojects.readonly","https://www.googleapis.com/auth/firebase","https://www.googleapis.com/auth/cloud-platform"]
[debug] [2021-10-11T19:24:18.944Z] > authorizing via signed-in user (lalwanichirag3@gmail.com)
[info] i  emulators: Starting emulators: functions {"metadata":{"emulator":{"name":"hub"},"message":"Starting emulators: functions"}}
[debug] [2021-10-11T19:24:18.979Z] [hub] writing locator at C:\Users\chirag\AppData\Local\Temp\hub-productly-80dfc.json
[warn] !  functions: The following emulators are not running, calls to these services from the Functions emulator will affect production: auth, firestore, database, hosting, pubsub, storage {"metadata":{"emulator":{"name":"functions"},"message":"The following emulators are not running, calls to these services from the Functions emulator will affect production: \u001b[1mauth, firestore, database, hosting, pubsub, storage\u001b[22m"}}
[warn] !  Your requested "node" version "12" doesn't match your global version "14" {"metadata":{"emulator":{"name":"functions"},"message":"Your requested \"node\" version \"12\" doesn't match your global version \"14\""}}
[debug] [2021-10-11T19:24:19.338Z] defaultcredentials: writing to file C:\Users\chirag\AppData\Roaming\firebase\lalwanichirag3_gmail_com_application_default_credentials.json
[debug] [2021-10-11T19:24:19.343Z] Setting GAC to C:\Users\chirag\AppData\Roaming\firebase\lalwanichirag3_gmail_com_application_default_credentials.json {"metadata":{"emulator":{"name":"functions"},"message":"Setting GAC to C:\\Users\\chirag\\AppData\\Roaming\\firebase\\lalwanichirag3_gmail_com_application_default_credentials.json"}}
[debug] [2021-10-11T19:24:19.345Z] > refreshing access token with scopes: []
[debug] [2021-10-11T19:24:19.346Z] >>> HTTP REQUEST POST https://www.googleapis.com/oauth2/v3/token  
 <request body omitted>
[debug] [2021-10-11T19:24:20.626Z] <<< HTTP RESPONSE 200 {"date":"Mon, 11 Oct 2021 19:24:21 GMT","cache-control":"no-cache, no-store, max-age=0, must-revalidate","pragma":"no-cache","expires":"Mon, 01 Jan 1990 00:00:00 GMT","content-type":"application/json; charset=utf-8","vary":"X-Origin, Referer, Origin,Accept-Encoding","server":"scaffolding on HTTPServer2","x-xss-protection":"0","x-frame-options":"SAMEORIGIN","x-content-type-options":"nosniff","alt-svc":"h3=\":443\"; ma=2592000,h3-29=\":443\"; ma=2592000,h3-T051=\":443\"; ma=2592000,h3-Q050=\":443\"; ma=2592000,h3-Q046=\":443\"; ma=2592000,h3-Q043=\":443\"; ma=2592000,quic=\":443\"; ma=2592000; v=\"46,43\"","accept-ranges":"none","transfer-encoding":"chunked"}
[debug] [2021-10-11T19:24:20.646Z] >>> [apiv2][query] GET https://firebase.googleapis.com/v1beta1/projects/productly-80dfc/adminSdkConfig [none]
[debug] [2021-10-11T19:24:21.404Z] <<< [apiv2][status] GET https://firebase.googleapis.com/v1beta1/projects/productly-80dfc/adminSdkConfig 200
[debug] [2021-10-11T19:24:21.405Z] <<< [apiv2][body] GET https://firebase.googleapis.com/v1beta1/projects/productly-80dfc/adminSdkConfig {"projectId":"productly-80dfc","storageBucket":"productly-80dfc.appspot.com","locationId":"us-central"}
[debug] [2021-10-11T19:24:21.430Z] Ignoring unsupported arg: auto_download {"metadata":{"emulator":{"name":"ui"},"message":"Ignoring unsupported arg: auto_download"}}
[debug] [2021-10-11T19:24:21.431Z] Ignoring unsupported arg: port {"metadata":{"emulator":{"name":"ui"},"message":"Ignoring unsupported arg: port"}}
[debug] [2021-10-11T19:24:21.431Z] Starting Emulator UI with command {"binary":"node","args":["C:\\Users\\chirag\\.cache\\firebase\\emulators\\ui-v1.5.0\\server.bundle.js"],"optionalArgs":[],"joinArgs":false} {"metadata":{"emulator":{"name":"ui"},"message":"Starting Emulator UI with command {\"binary\":\"node\",\"args\":[\"C:\\\\Users\\\\chirag\\\\.cache\\\\firebase\\\\emulators\\\\ui-v1.5.0\\\\server.bundle.js\"],\"optionalArgs\":[],\"joinArgs\":false}"}}
[info] i  ui: Emulator UI logging to ui-debug.log {"metadata":{"emulator":{"name":"ui"},"message":"Emulator UI logging to \u001b[1mui-debug.log\u001b[22m"}}
[debug] [2021-10-11T19:24:21.686Z] Web / API server started at http://localhost:4000
 {"metadata":{"emulator":{"name":"ui"},"message":"Web / API server started at http://localhost:4000\n"}}
[info] i  functions: Watching "D:\Self study\ReactJS\e-commerce\functions" for Cloud Functions... {"metadata":{"emulator":{"name":"functions"},"message":"Watching \"D:\\Self study\\ReactJS\\e-commerce\\functions\" for Cloud Functions..."}}
[debug] [2021-10-11T19:24:21.785Z] [worker-pool] addWorker(~diagnostic~) {"metadata":{"emulator":{"name":"functions"},"message":"[worker-pool] addWorker(~diagnostic~)"}}
[debug] [2021-10-11T19:24:21.785Z] [worker-pool] Adding worker with key ~diagnostic~, total=1 {"metadata":{"emulator":{"name":"functions"},"message":"[worker-pool] Adding worker with key ~diagnostic~, total=1"}}
[debug] [2021-10-11T19:24:21.785Z] [worker-pool] submitWork(triggerId=) {"metadata":{"emulator":{"name":"functions"},"message":"[worker-pool] submitWork(triggerId=)"}}
[debug] [2021-10-11T19:24:21.786Z] [worker-~diagnostic~-0c97fbf1-ff49-4a99-9036-39de38ee2aed]: Assigning socketPath: \\?\pipe\D:\Self study\ReactJS\e-commerce\functions\19676 {"metadata":{"emulator":{"name":"functions"},"message":"[worker-~diagnostic~-0c97fbf1-ff49-4a99-9036-39de38ee2aed]: Assigning socketPath: \\\\?\\pipe\\D:\\Self study\\ReactJS\\e-commerce\\functions\\19676"}}
[debug] [2021-10-11T19:24:21.786Z] [worker-~diagnostic~-0c97fbf1-ff49-4a99-9036-39de38ee2aed]: BUSY {"metadata":{"emulator":{"name":"functions"},"message":"[worker-~diagnostic~-0c97fbf1-ff49-4a99-9036-39de38ee2aed]: BUSY"}}
[debug] [2021-10-11T19:24:22.103Z] [runtime-status] [19676] Functions runtime initialized. {"cwd":"D:\\Self study\\ReactJS\\e-commerce\\functions","node_version":"14.15.0"} {"metadata":{"emulator":{"name":"functions"},"message":"[runtime-status] [19676] Functions runtime initialized. {\"cwd\":\"D:\\\\Self study\\\\ReactJS\\\\e-commerce\\\\functions\",\"node_version\":\"14.15.0\"}"}}
[debug] [2021-10-11T19:24:22.105Z] [runtime-status] [19676] Disabled runtime features: undefined {"metadata":{"emulator":{"name":"functions"},"message":"[runtime-status] [19676] Disabled runtime features: undefined"}}
[debug] [2021-10-11T19:24:22.189Z] [runtime-status] [19676] Resolved module firebase-admin {"declared":true,"installed":true,"version":"9.12.0","resolution":"D:\\Self study\\ReactJS\\e-commerce\\functions\\node_modules\\firebase-admin\\lib\\index.js"} {"metadata":{"emulator":{"name":"functions"},"message":"[runtime-status] [19676] Resolved module firebase-admin {\"declared\":true,\"installed\":true,\"version\":\"9.12.0\",\"resolution\":\"D:\\\\Self study\\\\ReactJS\\\\e-commerce\\\\functions\\\\node_modules\\\\firebase-admin\\\\lib\\\\index.js\"}"}}
[debug] [2021-10-11T19:24:22.212Z] [runtime-status] [19676] Resolved module firebase-functions {"declared":true,"installed":true,"version":"3.15.7","resolution":"D:\\Self study\\ReactJS\\e-commerce\\functions\\node_modules\\firebase-functions\\lib\\index.js"} {"metadata":{"emulator":{"name":"functions"},"message":"[runtime-status] [19676] Resolved module firebase-functions {\"declared\":true,\"installed\":true,\"version\":\"3.15.7\",\"resolution\":\"D:\\\\Self study\\\\ReactJS\\\\e-commerce\\\\functions\\\\node_modules\\\\firebase-functions\\\\lib\\\\index.js\"}"}}
[debug] [2021-10-11T19:24:22.228Z] [runtime-status] [19676] Resolved module firebase-functions {"declared":true,"installed":true,"version":"3.15.7","resolution":"D:\\Self study\\ReactJS\\e-commerce\\functions\\node_modules\\firebase-functions\\lib\\index.js"} {"metadata":{"emulator":{"name":"functions"},"message":"[runtime-status] [19676] Resolved module firebase-functions {\"declared\":true,\"installed\":true,\"version\":\"3.15.7\",\"resolution\":\"D:\\\\Self study\\\\ReactJS\\\\e-commerce\\\\functions\\\\node_modules\\\\firebase-functions\\\\lib\\\\index.js\"}"}}
[debug] [2021-10-11T19:24:22.231Z] [runtime-status] [19676] Outgoing network have been stubbed. [{"name":"http","status":"mocked"},{"name":"http","status":"mocked"},{"name":"https","status":"mocked"},{"name":"https","status":"mocked"},{"name":"net","status":"mocked"}] {"metadata":{"emulator":{"name":"functions"},"message":"[runtime-status] [19676] Outgoing network have been stubbed. [{\"name\":\"http\",\"status\":\"mocked\"},{\"name\":\"http\",\"status\":\"mocked\"},{\"name\":\"https\",\"status\":\"mocked\"},{\"name\":\"https\",\"status\":\"mocked\"},{\"name\":\"net\",\"status\":\"mocked\"}]"}}
[debug] [2021-10-11T19:24:22.268Z] [runtime-status] [19676] Resolved module firebase-functions {"declared":true,"installed":true,"version":"3.15.7","resolution":"D:\\Self study\\ReactJS\\e-commerce\\functions\\node_modules\\firebase-functions\\lib\\index.js"} {"metadata":{"emulator":{"name":"functions"},"message":"[runtime-status] [19676] Resolved module firebase-functions {\"declared\":true,\"installed\":true,\"version\":\"3.15.7\",\"resolution\":\"D:\\\\Self study\\\\ReactJS\\\\e-commerce\\\\functions\\\\node_modules\\\\firebase-functions\\\\lib\\\\index.js\"}"}}
[debug] [2021-10-11T19:24:22.704Z] [runtime-status] [19676] Checked functions.config() {"config":{}} {"metadata":{"emulator":{"name":"functions"},"message":"[runtime-status] [19676] Checked functions.config() {\"config\":{}}"}}
[debug] [2021-10-11T19:24:22.704Z] [runtime-status] [19676] firebase-functions has been stubbed. {"functionsResolution":{"declared":true,"installed":true,"version":"3.15.7","resolution":"D:\\Self study\\ReactJS\\e-commerce\\functions\\node_modules\\firebase-functions\\lib\\index.js"}} {"metadata":{"emulator":{"name":"functions"},"message":"[runtime-status] [19676] firebase-functions has been stubbed. {\"functionsResolution\":{\"declared\":true,\"installed\":true,\"version\":\"3.15.7\",\"resolution\":\"D:\\\\Self study\\\\ReactJS\\\\e-commerce\\\\functions\\\\node_modules\\\\firebase-functions\\\\lib\\\\index.js\"}}"}}
[debug] [2021-10-11T19:24:22.706Z] [runtime-status] [19676] Resolved module firebase-functions {"declared":true,"installed":true,"version":"3.15.7","resolution":"D:\\Self study\\ReactJS\\e-commerce\\functions\\node_modules\\firebase-functions\\lib\\index.js"} {"metadata":{"emulator":{"name":"functions"},"message":"[runtime-status] [19676] Resolved module firebase-functions {\"declared\":true,\"installed\":true,\"version\":\"3.15.7\",\"resolution\":\"D:\\\\Self study\\\\ReactJS\\\\e-commerce\\\\functions\\\\node_modules\\\\firebase-functions\\\\lib\\\\index.js\"}"}}
[debug] [2021-10-11T19:24:22.708Z] [runtime-status] [19676] Resolved module firebase-admin {"declared":true,"installed":true,"version":"9.12.0","resolution":"D:\\Self study\\ReactJS\\e-commerce\\functions\\node_modules\\firebase-admin\\lib\\index.js"} {"metadata":{"emulator":{"name":"functions"},"message":"[runtime-status] [19676] Resolved module firebase-admin {\"declared\":true,\"installed\":true,\"version\":\"9.12.0\",\"resolution\":\"D:\\\\Self study\\\\ReactJS\\\\e-commerce\\\\functions\\\\node_modules\\\\firebase-admin\\\\lib\\\\index.js\"}"}}
[debug] [2021-10-11T19:24:22.712Z] [runtime-status] [19676] Resolved module firebase-functions {"declared":true,"installed":true,"version":"3.15.7","resolution":"D:\\Self study\\ReactJS\\e-commerce\\functions\\node_modules\\firebase-functions\\lib\\index.js"} {"metadata":{"emulator":{"name":"functions"},"message":"[runtime-status] [19676] Resolved module firebase-functions {\"declared\":true,\"installed\":true,\"version\":\"3.15.7\",\"resolution\":\"D:\\\\Self study\\\\ReactJS\\\\e-commerce\\\\functions\\\\node_modules\\\\firebase-functions\\\\lib\\\\index.js\"}"}}
[debug] [2021-10-11T19:24:22.713Z] [runtime-status] [19676] firebase-admin has been stubbed. {"adminResolution":{"declared":true,"installed":true,"version":"9.12.0","resolution":"D:\\Self study\\ReactJS\\e-commerce\\functions\\node_modules\\firebase-admin\\lib\\index.js"}} {"metadata":{"emulator":{"name":"functions"},"message":"[runtime-status] [19676] firebase-admin has been stubbed. {\"adminResolution\":{\"declared\":true,\"installed\":true,\"version\":\"9.12.0\",\"resolution\":\"D:\\\\Self study\\\\ReactJS\\\\e-commerce\\\\functions\\\\node_modules\\\\firebase-admin\\\\lib\\\\index.js\"}}"}}
