[debug] [2021-10-11T20:20:34.020Z] ----------------------------------------------------------------------
[debug] [2021-10-11T20:20:34.022Z] Command:       C:\Program Files\nodejs\node.exe C:\Users\chirag\AppData\Roaming\npm\node_modules\firebase-tools\lib\bin\firebase.js init
[debug] [2021-10-11T20:20:34.022Z] CLI Version:   9.11.0
[debug] [2021-10-11T20:20:34.022Z] Platform:      win32
[debug] [2021-10-11T20:20:34.022Z] Node Version:  v14.15.0
[debug] [2021-10-11T20:20:34.023Z] Time:          Mon Oct 11 2021 13:20:34 GMT-0700 (Pacific Daylight Time)
[debug] [2021-10-11T20:20:34.023Z] ----------------------------------------------------------------------
[debug] 
[debug] [2021-10-11T20:20:34.025Z] >>> [apiv2][query] GET https://firebase-public.firebaseio.com/cli.json [none]
[debug] [2021-10-11T20:20:34.042Z] > command requires scopes: ["email","openid","https://www.googleapis.com/auth/cloudplatformprojects.readonly","https://www.googleapis.com/auth/firebase","https://www.googleapis.com/auth/cloud-platform"]
[debug] [2021-10-11T20:20:34.042Z] > authorizing via signed-in user (lalwanichirag3@gmail.com)
[info] 
     ######## #### ########  ######## ########     ###     ######  ########
     ##        ##  ##     ## ##       ##     ##  ##   ##  ##       ##
     ######    ##  ########  ######   ########  #########  ######  ######
     ##        ##  ##    ##  ##       ##     ## ##     ##       ## ##
     ##       #### ##     ## ######## ########  ##     ##  ######  ########

You're about to initialize a Firebase project in this directory:

  D:\Self study\ReactJS\e-commerce

Before we get started, keep in mind:

  * You are initializing in an existing Firebase project directory

[debug] [2021-10-11T20:20:35.231Z] <<< [apiv2][status] GET https://firebase-public.firebaseio.com/cli.json 200
[debug] [2021-10-11T20:20:35.231Z] <<< [apiv2][body] GET https://firebase-public.firebaseio.com/cli.json {"cloudBuildErrorAfter":1594252800000,"cloudBuildWarnAfter":1590019200000,"defaultNode10After":1594252800000,"minVersion":"3.0.5","node8DeploysDisabledAfter":1613390400000,"node8RuntimeDisabledAfter":1615809600000,"node8WarnAfter":1600128000000}
[info] 
=== Project Setup
[info] 
[info] First, let's associate this project directory with a Firebase project.
[info] You can create multiple project aliases by running firebase use --add, 
[info] but for now we'll just set up a default project.
[info] 
[info] i  .firebaserc already has a default project, using productly-80dfc. 
[debug] [2021-10-11T20:20:39.419Z] > refreshing access token with scopes: []
[debug] [2021-10-11T20:20:39.420Z] >>> HTTP REQUEST POST https://www.googleapis.com/oauth2/v3/token  
 <request body omitted>
[debug] [2021-10-11T20:20:39.568Z] <<< HTTP RESPONSE 200 {"expires":"Mon, 01 Jan 1990 00:00:00 GMT","pragma":"no-cache","date":"Mon, 11 Oct 2021 20:20:40 GMT","cache-control":"no-cache, no-store, max-age=0, must-revalidate","content-type":"application/json; charset=utf-8","vary":"X-Origin, Referer, Origin,Accept-Encoding","server":"scaffolding on HTTPServer2","x-xss-protection":"0","x-frame-options":"SAMEORIGIN","x-content-type-options":"nosniff","alt-svc":"h3=\":443\"; ma=2592000,h3-29=\":443\"; ma=2592000,h3-T051=\":443\"; ma=2592000,h3-Q050=\":443\"; ma=2592000,h3-Q046=\":443\"; ma=2592000,h3-Q043=\":443\"; ma=2592000,quic=\":443\"; ma=2592000; v=\"46,43\"","accept-ranges":"none","transfer-encoding":"chunked"}
[debug] [2021-10-11T20:20:39.581Z] >>> [apiv2][query] GET https://firebase.googleapis.com/v1beta1/projects/productly-80dfc [none]
[debug] [2021-10-11T20:20:39.907Z] <<< [apiv2][status] GET https://firebase.googleapis.com/v1beta1/projects/productly-80dfc 200
[debug] [2021-10-11T20:20:39.907Z] <<< [apiv2][body] GET https://firebase.googleapis.com/v1beta1/projects/productly-80dfc {"projectId":"productly-80dfc","projectNumber":"944748095852","displayName":"Productly","name":"projects/productly-80dfc","resources":{"hostingSite":"productly-80dfc","storageBucket":"productly-80dfc.appspot.com","locationId":"us-central"},"state":"ACTIVE"}
[info] 
=== Hosting Setup
[info] 
[info] Your public directory is the folder (relative to your project directory) that
[info] will contain Hosting assets to be uploaded with firebase deploy. If you
[info] have a build process for your assets, use your build's output directory.
[info] 
[debug] [2021-10-11T20:20:51.839Z] >>> [apiv2][query] GET https://www.gstatic.com/firebasejs/releases.json [none]
[debug] [2021-10-11T20:20:52.063Z] <<< [apiv2][status] GET https://www.gstatic.com/firebasejs/releases.json 200
[debug] [2021-10-11T20:20:52.063Z] <<< [apiv2][body] GET https://www.gstatic.com/firebasejs/releases.json {"current":{"version":"9.1.2","browserURL":"https://www.gstatic.com/firebasejs/9.1.2/firebase.js","packageURL":"https://www.gstatic.com/firebasejs/9.1.2/firebase.tgz"},"live":{"version":"9.1","browserURL":"https://www.gstatic.com/firebasejs/live/9.1/firebase.js","packageURL":"https://www.gstatic.com/firebasejs/live/9.1/firebase.tgz"},"components":{"analytics":"https://www.gstatic.com/firebasejs/9.1.2/firebase-analytics.js","app":"https://www.gstatic.com/firebasejs/9.1.2/firebase-app.js","app-check":"https://www.gstatic.com/firebasejs/9.1.2/firebase-app-check.js","auth":"https://www.gstatic.com/firebasejs/9.1.2/firebase-auth.js","auth/cordova":"https://www.gstatic.com/firebasejs/9.1.2/firebase-auth/cordova.js","auth/react-native":"https://www.gstatic.com/firebasejs/9.1.2/firebase-auth/react-native.js","functions":"https://www.gstatic.com/firebasejs/9.1.2/firebase-functions.js","firestore":"https://www.gstatic.com/firebasejs/9.1.2/firebase-firestore.js","firestore/lite":"https://www.gstatic.com/firebasejs/9.1.2/firebase-firestore/lite.js","storage":"https://www.gstatic.com/firebasejs/9.1.2/firebase-storage.js","performance":"https://www.gstatic.com/firebasejs/9.1.2/firebase-performance.js","remote-config":"https://www.gstatic.com/firebasejs/9.1.2/firebase-remote-config.js","messaging":"https://www.gstatic.com/firebasejs/9.1.2/firebase-messaging.js","messaging/sw":"https://www.gstatic.com/firebasejs/9.1.2/firebase-messaging/sw.js","database":"https://www.gstatic.com/firebasejs/9.1.2/firebase-database.js","firestore.memory":"https://www.gstatic.com/firebasejs/9.1.2/firebase-firestore.memory.js"}}
[info] +  Wrote build/index.html 
[info] 
[info] i  Detected a .git folder at D:\Self study\ReactJS\e-commerce 
[info] i  Authorizing with GitHub to upload your service account to a GitHub repository's secrets store. 
[info] 
[info] Visit this URL on this device to log in:
[info] https://github.com/login/oauth/authorize?client_id=89cf50f02ac6aaed3484&state=744299587&redirect_uri=http%3A%2F%2Flocalhost%3A9005&scope=read%3Auser%20repo%20public_repo
[info] 
[info] Waiting for authentication...
[debug] [2021-10-11T20:20:57.134Z] >>> HTTP REQUEST POST https://github.com/login/oauth/access_token  
 {"client_id":"89cf50f02ac6aaed3484","client_secret":"3330d14abc895d9a74d5f17cd7a00711fa2c5bf0","code":"541f032714d3d4a26fe3","redirect_uri":"http://localhost:9005","state":"744299587"}
[debug] [2021-10-11T20:20:57.510Z] <<< HTTP RESPONSE 200 {"server":"GitHub.com","date":"Mon, 11 Oct 2021 20:20:58 GMT","content-type":"application/json; charset=utf-8","transfer-encoding":"chunked","vary":"X-PJAX, X-PJAX-Container, Accept-Encoding, Accept, X-Requested-With","permissions-policy":"interest-cohort=()","etag":"W/\"abb8b59ed1c677a64d2b46ae8b04802a\"","cache-control":"max-age=0, private, must-revalidate","strict-transport-security":"max-age=31536000; includeSubdomains; preload","x-frame-options":"deny","x-content-type-options":"nosniff","x-xss-protection":"0","referrer-policy":"origin-when-cross-origin, strict-origin-when-cross-origin","expect-ct":"max-age=2592000, report-uri=\"https://api.github.com/_private/browser/errors\"","content-security-policy":"default-src 'none'; base-uri 'self'; block-all-mixed-content; child-src github.com/assets-cdn/worker/ gist.github.com/assets-cdn/worker/; connect-src 'self' uploads.github.com objects-origin.githubusercontent.com www.githubstatus.com collector.githubapp.com api.github.com github-cloud.s3.amazonaws.com github-production-repository-file-5c1aeb.s3.amazonaws.com github-production-upload-manifest-file-7fdce7.s3.amazonaws.com github-production-user-asset-6210df.s3.amazonaws.com cdn.optimizely.com logx.optimizely.com/v1/events translator.github.com wss://alive.github.com; font-src github.githubassets.com; form-action 'self' github.com gist.github.com objects-origin.githubusercontent.com; frame-ancestors 'none'; frame-src render.githubusercontent.com viewscreen.githubusercontent.com viewscreen-lab.githubusercontent.com; img-src 'self' data: github.githubassets.com identicons.github.com collector.githubapp.com github-cloud.s3.amazonaws.com secured-user-images.githubusercontent.com/ *.githubusercontent.com; manifest-src 'self'; media-src github.com user-images.githubusercontent.com/; script-src github.githubassets.com; style-src 'unsafe-inline' github.githubassets.com; worker-src github.com/assets-cdn/worker/ gist.github.com/assets-cdn/worker/","x-github-request-id":"C913:63B8:1A401E8:2839B6F:61649CAA"}
[debug] [2021-10-11T20:20:57.516Z] >>> [apiv2][query] GET https://api.github.com/user [none]
[debug] [2021-10-11T20:20:57.914Z] <<< [apiv2][status] GET https://api.github.com/user 200
[debug] [2021-10-11T20:20:57.914Z] <<< [apiv2][body] GET https://api.github.com/user {"login":"lalwanichirag3","id":57692146,"node_id":"MDQ6VXNlcjU3NjkyMTQ2","avatar_url":"https://avatars.githubusercontent.com/u/57692146?v=4","gravatar_id":"","url":"https://api.github.com/users/lalwanichirag3","html_url":"https://github.com/lalwanichirag3","followers_url":"https://api.github.com/users/lalwanichirag3/followers","following_url":"https://api.github.com/users/lalwanichirag3/following{/other_user}","gists_url":"https://api.github.com/users/lalwanichirag3/gists{/gist_id}","starred_url":"https://api.github.com/users/lalwanichirag3/starred{/owner}{/repo}","subscriptions_url":"https://api.github.com/users/lalwanichirag3/subscriptions","organizations_url":"https://api.github.com/users/lalwanichirag3/orgs","repos_url":"https://api.github.com/users/lalwanichirag3/repos","events_url":"https://api.github.com/users/lalwanichirag3/events{/privacy}","received_events_url":"https://api.github.com/users/lalwanichirag3/received_events","type":"User","site_admin":false,"name":null,"company":null,"blog":"","location":null,"email":null,"hireable":null,"bio":null,"twitter_username":null,"public_repos":13,"public_gists":0,"followers":0,"following":1,"created_at":"2019-11-13T01:02:50Z","updated_at":"2021-08-07T20:14:23Z","private_gists":0,"total_private_repos":6,"owned_private_repos":6,"disk_usage":44186,"collaborators":5,"two_factor_authentication":false,"plan":{"name":"free","space":976562499,"collaborators":0,"private_repos":10000}}
[info] 
[info] +  Success! Logged into GitHub as lalwanichirag3 
[info] 
